<?xml version="1.0" encoding="UTF-8"?>
<!-- Generated by org.testng.reporters.JUnitReportReporter -->
<testsuite hostname="DESKTOP-8U4S44M" failures="0" tests="1" name="practice.ReadDataFromTextFile" time="0.016" errors="0" timestamp="2023-11-24T11:24:12 IST" skipped="0">
  <testcase classname="practice.ReadDataFromTextFile" name="secondWay" time="0.016"/>
</testsuite> <!-- practice.ReadDataFromTextFile -->
