<?xml version="1.0" encoding="UTF-8"?>
<!-- Generated by org.testng.reporters.JUnitReportReporter -->
<testsuite hostname="DESKTOP-8U4S44M" failures="0" tests="5" name="ZopSmart.AssesmentDAY4Mon13NOV23" time="0.048" errors="0" timestamp="2023-11-24T11:08:23 IST" skipped="0">
  <testcase classname="ZopSmart.AssesmentDAY4Mon13NOV23" name="k" time="0.014"/>
  <testcase classname="ZopSmart.AssesmentDAY4Mon13NOV23" name="twoDimensionalReverse" time="0.005"/>
  <testcase classname="ZopSmart.AssesmentDAY4Mon13NOV23" name="duplicatesINGIvenString" time="0.006"/>
  <testcase classname="ZopSmart.AssesmentDAY4Mon13NOV23" name="productOflastTwoDigits" time="0.014"/>
  <testcase classname="ZopSmart.AssesmentDAY4Mon13NOV23" name="sumANDproductOfTwoLists" time="0.009"/>
</testsuite> <!-- ZopSmart.AssesmentDAY4Mon13NOV23 -->
