<?xml version="1.0" encoding="UTF-8"?>
<!-- Generated by org.testng.reporters.JUnitReportReporter -->
<testsuite hostname="DESKTOP-8U4S44M" failures="0" tests="1" name="testscript.DemoAssertion2Test" time="3.996" errors="0" timestamp="2023-11-23T11:29:28 IST" skipped="0">
  <testcase classname="testscript.DemoAssertion2Test" name="verifyTitle" time="3.996">
    <system-out>
      <![CDATA[SoftAssert Passed .....]]>
    </system-out>
  </testcase> <!-- verifyTitle -->
  <system-out>
    <![CDATA[Hard Assert Comparision PASS.....
HardAssert NOT MATCHING FAIL .....
SoftAssert Passed .....
deleteCustomer
registerCustomer
editCustomer
editCustomer
[1m[100m[34mMADHUSUDHANA RAO[0m
Welcome To Automation Testing ]]>
  </system-out>
</testsuite> <!-- testscript.DemoAssertion2Test -->
