<?xml version="1.0" encoding="UTF-8"?>
<!-- Generated by org.testng.reporters.JUnitReportReporter -->
<testsuite hostname="DESKTOP-8U4S44M" failures="0" tests="1" name="testscript.DemoTestNG" time="0.002" errors="0" timestamp="2023-11-23T11:13:14 IST" skipped="0">
  <testcase classname="testscript.DemoTestNG" name="testDemo" time="0.002">
    <system-out>
      <![CDATA[Welcome To Automation Testing ]]>
    </system-out>
  </testcase> <!-- testDemo -->
  <system-out>
    <![CDATA[selenium
selenium interview questions
selenium rich foods
selenium webdriver
selenium testing
selenium dev
selenium python
selenium webdriver download
selenium tutorial
selenium grid
Hard Assert Comparision PASS.....
HardAssert NOT MATCHING FAIL .....
SoftAssert Passed .....
Welcome To Automation Testing 
open Browser
login
deleteCustomer
logout
login
registerCustomer
logout
login
editCustomer
logout
login
editCustomer
logout
close Browser
login
createCustomer
logout
login
deleteCustomer
logout
[1m[100m[34mMADHUSUDHANA RAO[0m]]>
  </system-out>
</testsuite> <!-- testscript.DemoTestNG -->
