<?xml version="1.0" encoding="UTF-8"?>
<!-- Generated by org.testng.reporters.JUnitReportReporter -->
<testsuite hostname="DESKTOP-8U4S44M" failures="0" tests="4" name="testscript.CustomerModuleIMPTest" time="0.015" errors="0" timestamp="2023-11-23T11:29:28 IST" skipped="0">
  <testcase classname="testscript.CustomerModuleIMPTest" name="deleteCustomer" time="0.006">
    <system-out>
      <![CDATA[deleteCustomer]]>
    </system-out>
  </testcase> <!-- deleteCustomer -->
  <testcase classname="testscript.CustomerModuleIMPTest" name="registerCustomer" time="0.004">
    <system-out>
      <![CDATA[registerCustomer]]>
    </system-out>
  </testcase> <!-- registerCustomer -->
  <testcase classname="testscript.CustomerModuleIMPTest" name="editCustomer" time="0.003">
    <system-out>
      <![CDATA[editCustomer]]>
    </system-out>
  </testcase> <!-- editCustomer -->
  <testcase classname="testscript.CustomerModuleIMPTest" name="editCustomer" time="0.002">
    <system-out>
      <![CDATA[editCustomer]]>
    </system-out>
  </testcase> <!-- editCustomer -->
  <system-out>
    <![CDATA[Hard Assert Comparision PASS.....
HardAssert NOT MATCHING FAIL .....
SoftAssert Passed .....
deleteCustomer
registerCustomer
editCustomer
editCustomer
[1m[100m[34mMADHUSUDHANA RAO[0m
Welcome To Automation Testing ]]>
  </system-out>
</testsuite> <!-- testscript.CustomerModuleIMPTest -->
