<?xml version="1.0" encoding="UTF-8"?>
<!-- Generated by org.testng.reporters.JUnitReportReporter -->
<testsuite hostname="DESKTOP-8U4S44M" failures="0" tests="1" name="testscript.AutoSuggestionsTest" time="9.192" errors="0" timestamp="2023-11-23T11:27:40 IST" skipped="0">
  <testcase classname="testscript.AutoSuggestionsTest" name="autoSuggetions" time="9.192">
    <system-out>
      <![CDATA[selenium
selenium interview questions
selenium rich foods
selenium webdriver
selenium dev
selenium testing
selenium python
selenium webdriver download
selenium tutorial
selenium grid]]>
    </system-out>
  </testcase> <!-- autoSuggetions -->
  <system-out>
    <![CDATA[login
createCustomer
logout
open Browser
login
deleteCustomer
logout
login
deleteCustomer
logout
[1m[100m[34mMADHUSUDHANA RAO[0m
login
registerCustomer
logout
Welcome To Automation Testing 
login
editCustomer
logout
login
editCustomer
logout
close Browser
selenium
selenium interview questions
selenium rich foods
selenium webdriver
selenium dev
selenium testing
selenium python
selenium webdriver download
selenium tutorial
selenium grid
Hard Assert Comparision PASS.....
HardAssert NOT MATCHING FAIL .....
SoftAssert Passed .....]]>
  </system-out>
</testsuite> <!-- testscript.AutoSuggestionsTest -->
